<?xml version="1.0" encoding="UTF-8"?>
<testng-results skipped="0" failed="0" ignored="0" total="1" passed="1">
  <reporter-output>
  </reporter-output>
  <suite name="Suite" duration-ms="178" started-at="2018-09-26T03:34:10Z" finished-at="2018-09-26T03:34:10Z">
    <groups>
    </groups>
    <test name="Test" duration-ms="178" started-at="2018-09-26T03:34:10Z" finished-at="2018-09-26T03:34:10Z">
      <class name="com.HelloSeleniumTest.Demo">
        <test-method status="PASS" signature="a()[pri:0, instance:com.HelloSeleniumTest.Demo@29f85fe1]" name="a" duration-ms="47" started-at="2018-09-26T03:34:10Z" finished-at="2018-09-26T03:34:10Z">
          <reporter-output>
          </reporter-output>
        </test-method> <!-- a -->
      </class> <!-- com.HelloSeleniumTest.Demo -->
    </test> <!-- Test -->
  </suite> <!-- Suite -->
</testng-results>
